[20:35:11] [ServerMain/INFO]: [bootstrap] Running Java 21 (OpenJDK 64-Bit Server VM 21.0.8+9-LTS; Amazon.com Inc. Corretto-21.0.8.9.1) on Windows 10 10.0 (amd64)
[20:35:11] [ServerMain/INFO]: [bootstrap] Loading Paper 1.21.10-105-main@1f31ee5 (2025-11-04T19:32:20Z) for Minecraft 1.21.10
[20:35:12] [ServerMain/WARN]: [oshi.util.platform.windows.PerfDataUtil] Failed to add PDH Counter: \Paging File(_Total)\% Usage, Error code: 0xC0000BB8
[20:35:12] [ServerMain/WARN]: [oshi.util.platform.windows.PerfCounterQueryHandler] Failed to add counter for PDH counter: \Paging File(_Total)\% Usage
[20:35:12] [ServerMain/INFO]: [oshi.util.platform.windows.PerfCounterQuery] Disabling further attempts to query Paging File.
[20:35:13] [ServerMain/WARN]: [oshi.util.platform.windows.WmiQueryHandler] COM exception: Invalid Query: SELECT PERCENTUSAGE FROM Win32_PerfRawData_PerfOS_PagingFile
[20:35:14] [ServerMain/INFO]: [PluginInitializerManager] Initializing plugins...
[20:35:14] [ServerMain/INFO]: [PluginInitializerManager] Initialized 1 plugin
[20:35:14] [ServerMain/INFO]: [PluginInitializerManager] Paper plugins (1):
 - Example (1.0.0)
[20:35:20] [ServerMain/INFO]: Environment: Environment[sessionHost=https://sessionserver.mojang.com, servicesHost=https://api.minecraftservices.com, profilesHost=https://api.mojang.com, name=PROD]
[20:35:23] [ServerMain/INFO]: Loaded 1461 recipes
[20:35:23] [ServerMain/INFO]: Loaded 1574 advancements
[20:35:23] [ServerMain/INFO]: [ca.spottedleaf.dataconverter.minecraft.datatypes.MCTypeRegistry] Initialising converters for DataConverter...
[20:35:23] [ServerMain/INFO]: [ca.spottedleaf.dataconverter.minecraft.datatypes.MCTypeRegistry] Finished initialising converters for DataConverter in 461,0ms
[20:35:23] [Server thread/INFO]: Starting minecraft server version 1.21.10
[20:35:23] [Server thread/INFO]: Loading properties
[20:35:23] [Server thread/INFO]: This server is running Paper version 1.21.10-105-main@1f31ee5 (2025-11-04T19:32:20Z) (Implementing API version 1.21.10-R0.1-SNAPSHOT)
[20:35:23] [Server thread/INFO]: [spark] This server bundles the spark profiler. For more information please visit https://docs.papermc.io/paper/profiling
[20:35:24] [Server thread/INFO]: Server Ping Player Sample Count: 12
[20:35:24] [Server thread/INFO]: Using 4 threads for Netty based IO
[20:35:24] [Server thread/INFO]: [MoonriseCommon] Paper is using 3 worker threads, 1 I/O threads
[20:35:25] [Server thread/INFO]: Default game type: SURVIVAL
[20:35:25] [Server thread/INFO]: Generating keypair
[20:35:25] [Server thread/INFO]: Starting Minecraft server on *:25565
[20:35:25] [Server thread/INFO]: Using default channel type
[20:35:25] [Server thread/INFO]: Paper: Using Java compression from Velocity.
[20:35:25] [Server thread/INFO]: Paper: Using Java cipher from Velocity.
[20:35:25] [Server thread/INFO]: [Example] Loading server plugin Example v1.0.0
[20:35:25] [Server thread/INFO]: Server permissions file permissions.yml is empty, ignoring it
[20:35:25] [Server thread/INFO]: Preparing level "world"
[20:35:26] [Server thread/INFO]: Loading 0 persistent chunks for world 'minecraft:overworld'...
[20:35:26] [Server thread/INFO]: Prepared spawn area in 2 ms
[20:35:26] [Server thread/INFO]: Loading 0 persistent chunks for world 'minecraft:the_nether'...
[20:35:26] [Server thread/INFO]: Preparing spawn area: 100%
[20:35:26] [Server thread/INFO]: Prepared spawn area in 2 ms
[20:35:26] [Server thread/INFO]: Loading 0 persistent chunks for world 'minecraft:the_end'...
[20:35:26] [Server thread/INFO]: Prepared spawn area in 0 ms
[20:35:26] [Server thread/INFO]: Done preparing level "world" (0.664s)
[20:35:26] [Server thread/INFO]: [Example] Enabling Example v1.0.0
[20:35:26] [Server thread/INFO]: [Example] DreamAPI provider not found. Initializing core implementation...
[20:35:26] [Server thread/INFO]: [Example] [DreaminService] Starting service scan in: fr.dreamin.example
[20:35:26] [Server thread/INFO]: [Example] [ClassScanner] Starting scan in path: fr/dreamin/example, has resources? true
[20:35:26] [Server thread/INFO]: [Example] [ClassScanner] Scan completed: 4 classes found
[20:35:26] [Server thread/INFO]: [Example] [DreaminService] Scan completed: 0 services loaded, 0 failed (0,27s)
[20:35:26] [Server thread/INFO]: [GlowingEntities] [GlowingEntities] Found server version 1.21.10
[20:35:26] [Server thread/INFO]: [GlowingEntities] [GlowingEntities] Loaded transparent mappings.
[20:35:27] [Server thread/INFO]: [Example] DreamAPI initialized successfully with provider: ApiProviderImpl
[20:35:27] [Server thread/INFO]: [Example] DreamAPI good
[20:35:27] [Server thread/INFO]: [spark] Starting background profiler...
[20:35:27] [Server thread/INFO]: [spark] The async-profiler engine is not supported for your os/arch (windows10/amd64), so the built-in Java engine will be used instead.
[20:35:27] [Server thread/INFO]: Running delayed init tasks
[20:35:27] [Server thread/INFO]: Done (16.943s)! For help, type "help"
[20:35:34] [User Authenticator #0/INFO]: UUID of player ScravenPro is 8cb12628-0314-4854-b6eb-6ca8834a3fef
[20:35:34] [Server thread/INFO]: [HorriblePlayerLoginEventHack] You have plugins listening to the PlayerLoginEvent, this will cause re-configuration APIs to be unavailable: [Example]
[20:35:35] [Server thread/INFO]: ScravenPro joined the game
[20:35:35] [Server thread/INFO]: ScravenPro[/127.0.0.1:59676] logged in with entity id 2 at ([world]80.56105547859508, 118.0, -144.30000001192093)
[20:35:50] [Server thread/INFO]: ScravenPro issued server command: /test verify minecraft:always_pass
[20:35:50] [Server thread/INFO]: Running test environment 'minecraft:default' batch 0 (100 tests)...
[20:35:50] [Server thread/INFO]: [ScravenPro: Starting environment minecraft:default batch 0]
[20:35:51] [Server thread/INFO]: Running test environment 'minecraft:default' batch 1 (100 tests)...
[20:35:51] [Server thread/INFO]: [ScravenPro: Starting environment minecraft:default batch 1]
[20:35:51] [Server thread/INFO]: Running test environment 'minecraft:default' batch 2 (100 tests)...
[20:35:51] [Server thread/INFO]: [ScravenPro: Starting environment minecraft:default batch 2]
[20:35:51] [Server thread/INFO]: Running test environment 'minecraft:default' batch 3 (100 tests)...
[20:35:51] [Server thread/INFO]: [ScravenPro: Starting environment minecraft:default batch 3]
[20:35:51] [Server thread/INFO]: [ScravenPro: Game Test complete! 400 test(s) were run]
[20:35:51] [Server thread/INFO]: [ScravenPro: All required tests passed :)]
[20:36:12] [Server thread/INFO]: ScravenPro issued server command: /test clearall
[20:36:12] [Server thread/INFO]: [ScravenPro: Cleared 100 structure(s)]
[20:36:24] [Server thread/INFO]: ScravenPro issued server command: /fetchprofile
[20:36:37] [Server thread/INFO]: ScravenPro issued server command: /fetchprofile name _Loomi_
[20:36:47] [Server thread/INFO]: ScravenPro issued server command: /summon minecraft:mannequin ~ ~ ~ {profile:{id:[I;642071901,-693878330,-1305977589,2062696922],name:"_Loomi_",properties:[{name:"textures",signature:"v/yG75VycUM70iuHN4zYiI56IJFNrPClq+RdV6BZUGc75LKvpZuOa37qAz87dHl7LPSpUuBOP4mxPKArpuqxGFm5OSGEXG79jAukMMjzywmVZHUkHQ8Y3SDY5KOA3HTVskw0ZDe+Yvg6plDm3KhcTKRNih8rnzWrSowD0pBitOPpBCqzBcGDuBuomVj0lH0iSWr62/PwLazXXHt9mZfdCwv0q9Dn7t5Jgdg1+94uY3LhJRcOP75wYoxlZMMkVPP3frcbtdCaXsUTsish50VdHqJ9UHlSBB6YKQWG+vx7yoP7dUyVaFhThFYydfxh+lqO4wVMgj61DyFR2X8aI27g4oslMJj+3W4rSIEj1rQHD78bge21kOE5Zn/Vd6HRwpO/ZHnfJdZ8sFTDMKT8n5PPApea9WsN9ydxJujhYvvWY1vOPwaIQ3XhaBs3Sn0/TwCZcf3fSt1IZbAx1f/bCFftxwmoEmwJjJXQINSvdy5PMFSjhhbP7GkxsY9OVMCKzEQAWrP5yJIBD3hrWOiB9NgQciwUFv4masZ+eD4XFaE7ttDWHGFUaGVWN4uasP4ZLqH8s4020lIYW4OoyF0TV7ofrvEUa2Q6gnlT5T5CD4AjGl6KQa9jWcXjSqRGImwOG5pyfMDDmxyVdd+PTTTyDrMIwYlEnI7/4DIhpa769JbTAdk=",value:"ewogICJ0aW1lc3RhbXAiIDogMTc2MjYzMDU5Nzg1MiwKICAicHJvZmlsZUlkIiA6ICIyNjQ1M2Q1ZGQ2YTQ0MWM2YjIyODVkMGI3YWYyNDFkYSIsCiAgInByb2ZpbGVOYW1lIiA6ICJfTG9vbWlfIiwKICAic2lnbmF0dXJlUmVxdWlyZWQiIDogdHJ1ZSwKICAidGV4dHVyZXMiIDogewogICAgIlNLSU4iIDogewogICAgICAidXJsIiA6ICJodHRwOi8vdGV4dHVyZXMubWluZWNyYWZ0Lm5ldC90ZXh0dXJlL2VjZmI1NDAwNGNlYjMyZTBlZTI1ZGZmODAwOGRjZTUwMmM3YTc2NDJlYzY3MzFlNjBhZmU3YmJiZDg2OGRhNDEiCiAgICB9LAogICAgIkNBUEUiIDogewogICAgICAidXJsIiA6ICJodHRwOi8vdGV4dHVyZXMubWluZWNyYWZ0Lm5ldC90ZXh0dXJlLzI4ZGU0YTgxNjg4YWQxOGI0OWU3MzVhMjczZTA4NmMxOGYxZTM5NjY5NTYxMjNjY2I1NzQwMzRjMDZmNWQzMzYiCiAgICB9CiAgfQp9"}]}}
[20:36:47] [Server thread/INFO]: [ScravenPro: Summoned new Mannequin]
[20:37:46] [Server thread/INFO]: ScravenPro issued server command: /give @s minecraft:player_head[profile={id:[I;642071901,-693878330,-1305977589,2062696922],name:"_Loomi_",properties:[{name:"textures",signature:"v/yG75VycUM70iuHN4zYiI56IJFNrPClq+RdV6BZUGc75LKvpZuOa37qAz87dHl7LPSpUuBOP4mxPKArpuqxGFm5OSGEXG79jAukMMjzywmVZHUkHQ8Y3SDY5KOA3HTVskw0ZDe+Yvg6plDm3KhcTKRNih8rnzWrSowD0pBitOPpBCqzBcGDuBuomVj0lH0iSWr62/PwLazXXHt9mZfdCwv0q9Dn7t5Jgdg1+94uY3LhJRcOP75wYoxlZMMkVPP3frcbtdCaXsUTsish50VdHqJ9UHlSBB6YKQWG+vx7yoP7dUyVaFhThFYydfxh+lqO4wVMgj61DyFR2X8aI27g4oslMJj+3W4rSIEj1rQHD78bge21kOE5Zn/Vd6HRwpO/ZHnfJdZ8sFTDMKT8n5PPApea9WsN9ydxJujhYvvWY1vOPwaIQ3XhaBs3Sn0/TwCZcf3fSt1IZbAx1f/bCFftxwmoEmwJjJXQINSvdy5PMFSjhhbP7GkxsY9OVMCKzEQAWrP5yJIBD3hrWOiB9NgQciwUFv4masZ+eD4XFaE7ttDWHGFUaGVWN4uasP4ZLqH8s4020lIYW4OoyF0TV7ofrvEUa2Q6gnlT5T5CD4AjGl6KQa9jWcXjSqRGImwOG5pyfMDDmxyVdd+PTTTyDrMIwYlEnI7/4DIhpa769JbTAdk=",value:"ewogICJ0aW1lc3RhbXAiIDogMTc2MjYzMDU5Nzg1MiwKICAicHJvZmlsZUlkIiA6ICIyNjQ1M2Q1ZGQ2YTQ0MWM2YjIyODVkMGI3YWYyNDFkYSIsCiAgInByb2ZpbGVOYW1lIiA6ICJfTG9vbWlfIiwKICAic2lnbmF0dXJlUmVxdWlyZWQiIDogdHJ1ZSwKICAidGV4dHVyZXMiIDogewogICAgIlNLSU4iIDogewogICAgICAidXJsIiA6ICJodHRwOi8vdGV4dHVyZXMubWluZWNyYWZ0Lm5ldC90ZXh0dXJlL2VjZmI1NDAwNGNlYjMyZTBlZTI1ZGZmODAwOGRjZTUwMmM3YTc2NDJlYzY3MzFlNjBhZmU3YmJiZDg2OGRhNDEiCiAgICB9LAogICAgIkNBUEUiIDogewogICAgICAidXJsIiA6ICJodHRwOi8vdGV4dHVyZXMubWluZWNyYWZ0Lm5ldC90ZXh0dXJlLzI4ZGU0YTgxNjg4YWQxOGI0OWU3MzVhMjczZTA4NmMxOGYxZTM5NjY5NTYxMjNjY2I1NzQwMzRjMDZmNWQzMzYiCiAgICB9CiAgfQp9"}]}]
[20:37:46] [Server thread/INFO]: [ScravenPro: Gave 1 [_Loomi_'s Head] to ScravenPro]
[20:38:08] [Server thread/INFO]: ScravenPro issued server command: /test1
[20:38:23] [Server thread/INFO]: ScravenPro issued server command: /kill 879680ca-d031-480e-8fb2-29f329c52894
[20:38:23] [Server thread/INFO]: [ScravenPro: Killed Mannequin]
[20:44:53] [Server thread/INFO]: ScravenPro issued server command: /time set day
[20:44:53] [Server thread/INFO]: [ScravenPro: Set the time to 1000]
[20:49:07] [Server thread/INFO]: ScravenPro issued server command: /broadcast ttt
[20:49:07] [Server thread/INFO]: 
BROADCAST: ttt

[20:49:54] [Server thread/INFO]: ScravenPro issued server command: /broadcast ttt
[20:49:54] [Server thread/INFO]: 
BROADCAST: ttt

[20:51:48] [Async Chat Thread - #1/INFO]: <ScravenPro> ttt
[20:51:50] [Server thread/INFO]: ScravenPro issued server command: /broadcast ttt
[20:51:50] [Server thread/INFO]: 
BROADCAST: ttt

[20:56:03] [Server thread/INFO]: ScravenPro lost connection: Disconnected
[20:56:03] [Server thread/INFO]: ScravenPro left the game
